Arguments: 
  /usr/local/bin/node /usr/local/bin/yarn add spawn

PATH: 
  /Library/Frameworks/Python.framework/Versions/3.10/bin:/Library/Frameworks/Python.framework/Versions/3.10/bin:/Library/Frameworks/Python.framework/Versions/3.5/bin:/usr/local/bin:/usr/bin:/bin:/usr/sbin:/sbin:/usr/local/go/bin:/usr/local/mysql/bin:/usr/local/mongodb/bin

Yarn version: 
  1.15.2

Node version: 
  14.16.0

Platform: 
  darwin x64

Trace: 
  Error: https://github.com/mirkok/node-webworker/tarball/master: ETIMEDOUT
      at Timeout._onTimeout (/usr/local/lib/node_modules/yarn/lib/cli.js:130201:19)
      at listOnTimeout (internal/timers.js:554:17)
      at processTimers (internal/timers.js:497:7)

npm manifest: 
  {
    "name": "vue-webhook",
    "version": "1.0.0",
    "description": "",
    "main": "index.js",
    "scripts": {
      "test": "echo \"Error: no test specified\" && exit 1"
    },
    "keywords": [],
    "author": "",
    "license": "ISC",
    "dependencies": {
      "nodemailer": "^6.7.3"
    }
  }

yarn manifest: 
  No manifest

Lockfile: 
  No lockfile
